<?xml version="1.0" encoding="UTF-8"?>
<!-- Generated by org.testng.reporters.JUnitXMLReporter -->
<testsuite hostname="DESKTOP-I61C6HS" ignored="1" name="MarketPlace" tests="1" failures="0" timestamp="19 Jun 2020 21:48:08 GMT" time="84.247" errors="0">
  <testcase name="createMarketPlaceItemWithCookies" time="77.175" classname="com.TestCases.CreateMarketPlaceList"/>
  <testcase name="collectCookiesWithLogin" time="0.0" classname="com.TestCases.CreateMarketPlaceList">
    <ignored/>
  </testcase> <!-- collectCookiesWithLogin -->
</testsuite> <!-- MarketPlace -->
