<?xml version="1.0" encoding="UTF-8"?>
<!-- Generated by org.testng.reporters.JUnitXMLReporter -->
<testsuite hostname="DESKTOP-I61C6HS" ignored="0" name="MarketPlace" tests="2" failures="0" timestamp="15 Jun 2020 04:57:35 GMT" time="108.257" errors="0">
  <testcase name="collectCookiesWithLogin" time="18.375" classname="com.TestCases.CreateMarketPlaceList"/>
  <testcase name="createMarketPlaceItemWithCookies" time="72.4" classname="com.TestCases.CreateMarketPlaceList"/>
</testsuite> <!-- MarketPlace -->
