<?xml version="1.0" encoding="UTF-8"?>
<testng-results skipped="0" failed="0" ignored="0" total="1" passed="1">
  <reporter-output>
  </reporter-output>
  <suite name="Test-1" duration-ms="80445" started-at="2020-06-10T19:51:18Z" finished-at="2020-06-10T19:52:38Z">
    <groups>
    </groups>
    <test name="MarketPlace" duration-ms="80445" started-at="2020-06-10T19:51:18Z" finished-at="2020-06-10T19:52:38Z">
      <class name="com.TestCases.CreateMarketPlaceList">
        <test-method status="PASS" signature="setup(java.lang.String)[pri:0, instance:com.TestCases.CreateMarketPlaceList@5c3bd550]" name="setup" is-config="true" duration-ms="7050" started-at="2020-06-10T19:51:18Z" finished-at="2020-06-10T19:51:25Z">
          <params>
            <param index="0">
              <value>
                <![CDATA[chrome]]>
              </value>
            </param>
          </params>
          <reporter-output>
          </reporter-output>
        </test-method> <!-- setup -->
        <test-method status="PASS" signature="init()[pri:0, instance:com.TestCases.CreateMarketPlaceList@5c3bd550]" name="init" is-config="true" duration-ms="42" started-at="2020-06-10T19:51:25Z" finished-at="2020-06-10T19:51:25Z">
          <reporter-output>
          </reporter-output>
        </test-method> <!-- init -->
        <test-method status="PASS" signature="login()[pri:0, instance:com.TestCases.CreateMarketPlaceList@5c3bd550]" name="login" duration-ms="73174" started-at="2020-06-10T19:51:25Z" finished-at="2020-06-10T19:52:38Z">
          <reporter-output>
          </reporter-output>
        </test-method> <!-- login -->
        <test-method status="PASS" signature="tearDown()[pri:0, instance:com.TestCases.CreateMarketPlaceList@5c3bd550]" name="tearDown" is-config="true" duration-ms="159" started-at="2020-06-10T19:52:38Z" finished-at="2020-06-10T19:52:38Z">
          <reporter-output>
          </reporter-output>
        </test-method> <!-- tearDown -->
      </class> <!-- com.TestCases.CreateMarketPlaceList -->
    </test> <!-- MarketPlace -->
  </suite> <!-- Test-1 -->
</testng-results>
