<?xml version="1.0" encoding="UTF-8"?>
<testng-results skipped="0" failed="0" ignored="0" total="1" passed="1">
  <reporter-output>
  </reporter-output>
  <suite name="Suit-1" duration-ms="96123" started-at="2020-06-12T21:39:34Z" finished-at="2020-06-12T21:41:10Z">
    <groups>
    </groups>
    <test name="MarketPlace" duration-ms="96123" started-at="2020-06-12T21:39:34Z" finished-at="2020-06-12T21:41:10Z">
      <class name="com.TestCases.CreateMarketPlaceList">
        <test-method status="PASS" signature="setup(java.lang.String)[pri:0, instance:com.TestCases.CreateMarketPlaceList@5c3bd550]" name="setup" is-config="true" duration-ms="6535" started-at="2020-06-12T21:39:34Z" finished-at="2020-06-12T21:39:40Z">
          <params>
            <param index="0">
              <value>
                <![CDATA[chrome]]>
              </value>
            </param>
          </params>
          <reporter-output>
          </reporter-output>
        </test-method> <!-- setup -->
        <test-method status="PASS" signature="init()[pri:0, instance:com.TestCases.CreateMarketPlaceList@5c3bd550]" name="init" is-config="true" duration-ms="26" started-at="2020-06-12T21:39:40Z" finished-at="2020-06-12T21:39:40Z">
          <reporter-output>
          </reporter-output>
        </test-method> <!-- init -->
        <test-method status="PASS" signature="createMrkPltList()[pri:0, instance:com.TestCases.CreateMarketPlaceList@5c3bd550]" name="createMrkPltList" duration-ms="85446" started-at="2020-06-12T21:39:40Z" finished-at="2020-06-12T21:41:06Z">
          <reporter-output>
          </reporter-output>
        </test-method> <!-- createMrkPltList -->
        <test-method status="PASS" signature="tearDown()[pri:0, instance:com.TestCases.CreateMarketPlaceList@5c3bd550]" name="tearDown" is-config="true" duration-ms="4101" started-at="2020-06-12T21:41:06Z" finished-at="2020-06-12T21:41:10Z">
          <reporter-output>
          </reporter-output>
        </test-method> <!-- tearDown -->
      </class> <!-- com.TestCases.CreateMarketPlaceList -->
    </test> <!-- MarketPlace -->
  </suite> <!-- Suit-1 -->
</testng-results>
